\BOOKMARK [1][-]{section.1}{\376\377\000P\000l\000a\000n\000t\000\040\000g\000r\000o\000w\000t\000h\000\040\000a\000s\000\040\000a\000\040\000s\000y\000s\000t\000e\000m\000\040\000o\000f\000\040\000d\000i\000f\000f\000e\000r\000e\000n\000t\000i\000a\000l\000\040\000e\000q\000u\000a\000t\000i\000o\000n\000s}{}% 1
\BOOKMARK [2][-]{subsection.1.1}{\376\377\000O\000v\000e\000r\000v\000i\000e\000w}{section.1}% 2
\BOOKMARK [2][-]{subsection.1.2}{\376\377\000M\000a\000t\000h\000e\000m\000a\000t\000i\000c\000a\000l\000\040\000s\000u\000m\000m\000a\000r\000y}{section.1}% 3
\BOOKMARK [3][-]{subsubsection.1.2.1}{\376\377\000M\000o\000d\000e\000l\000\040\000i\000n\000p\000u\000t\000s}{subsection.1.2}% 4
\BOOKMARK [3][-]{subsubsection.1.2.2}{\376\377\000M\000o\000d\000e\000l\000\040\000e\000q\000u\000a\000t\000i\000o\000n\000s}{subsection.1.2}% 5
\BOOKMARK [2][-]{subsection.1.3}{\376\377\000R\000e\000l\000a\000t\000i\000n\000g\000\040\000t\000h\000e\000\040\000m\000a\000t\000h\000e\000m\000a\000t\000i\000c\000s\000\040\000t\000o\000\040\000t\000h\000e\000\040\000p\000r\000o\000g\000r\000a\000m\000\040\000c\000o\000d\000e}{section.1}% 6
\BOOKMARK [3][-]{subsubsection.1.3.1}{\376\377\000F\000u\000n\000c\000t\000i\000o\000n\000\040\000i\000n\000p\000u\000t\000s}{subsection.1.3}% 7
\BOOKMARK [3][-]{subsubsection.1.3.2}{\376\377\000F\000u\000n\000c\000t\000i\000o\000n\000\040\000o\000u\000t\000p\000u\000t}{subsection.1.3}% 8
\BOOKMARK [3][-]{subsubsection.1.3.3}{\376\377\000A\000n\000\040\000e\000x\000a\000m\000p\000l\000e}{subsection.1.3}% 9
\BOOKMARK [1][-]{section.2}{\376\377\000M\000o\000d\000i\000f\000y\000i\000n\000g\000\040\000t\000h\000e\000\040\000B\000i\000o\000C\000r\000o\000\040\000c\000o\000d\000e}{}% 10
\BOOKMARK [2][-]{subsection.2.1}{\376\377\000O\000r\000g\000a\000n\000i\000z\000a\000t\000i\000o\000n\000\040\000o\000f\000\040\000t\000h\000e\000\040\000s\000o\000u\000r\000c\000e\000\040\000f\000i\000l\000e\000s}{section.2}% 11
\BOOKMARK [2][-]{BackrefHyperFootnoteCounter.19}{\376\377\000A\000d\000d\000i\000n\000g\000\040\000n\000e\000w\000\040\000m\000o\000d\000e\000l\000s}{section.2}% 12
\BOOKMARK [3][-]{subsubsection.2.2.1}{\376\377\000E\000x\000a\000m\000p\000l\000e\000:\000\040\000S\000t\000e\000p\000s\000\040\000f\000o\000r\000\040\000c\000r\000e\000a\000t\000i\000n\000g\000\040\000a\000\040\000s\000t\000e\000a\000d\000y\000-\000s\000t\000a\000t\000e\000\040\000m\000o\000d\000u\000l\000e\000.}{BackrefHyperFootnoteCounter.19}% 13
\BOOKMARK [3][-]{subsubsection.2.2.2}{\376\377\000E\000x\000a\000m\000p\000l\000e\000:\000\040\000S\000t\000e\000p\000s\000\040\000f\000o\000r\000\040\000c\000r\000e\000a\000t\000i\000n\000g\000\040\000a\000\040\000d\000e\000r\000i\000v\000a\000t\000i\000v\000e\000\040\000m\000o\000d\000u\000l\000e\000.}{BackrefHyperFootnoteCounter.19}% 14
\BOOKMARK [3][-]{subsubsection.2.2.3}{\376\377\000G\000e\000n\000e\000r\000a\000t\000i\000n\000g\000\040\000t\000h\000e\000\040\000D\000o\000x\000y\000g\000e\000n\000\040\000d\000o\000c\000u\000m\000e\000n\000t\000a\000t\000i\000o\000n}{BackrefHyperFootnoteCounter.19}% 15
\BOOKMARK [2][-]{subsection.2.3}{\376\377\000W\000r\000i\000t\000i\000n\000g\000\040\000t\000e\000s\000t\000s\000\040\000f\000o\000r\000\040\000n\000e\000w\000\040\000m\000o\000d\000e\000l\000s}{section.2}% 16
\BOOKMARK [3][-]{subsubsection.2.3.1}{\376\377\000W\000r\000i\000t\000i\000n\000g\000\040\000u\000n\000i\000t\000\040\000t\000e\000s\000t\000s\000\040\000f\000o\000r\000\040\000a\000\040\000s\000t\000e\000a\000d\000y\000-\000s\000t\000a\000t\000e\000\040\000m\000o\000d\000u\000l\000e}{subsection.2.3}% 17
\BOOKMARK [3][-]{subsubsection.2.3.2}{\376\377\000W\000r\000i\000t\000i\000n\000g\000\040\000u\000n\000i\000t\000\040\000t\000e\000s\000t\000s\000\040\000f\000o\000r\000\040\000a\000\040\000d\000e\000r\000i\000v\000a\000t\000i\000v\000e\000\040\000m\000o\000d\000u\000l\000e}{subsection.2.3}% 18
\BOOKMARK [3][-]{subsubsection.2.3.3}{\376\377\000R\000u\000n\000n\000i\000n\000g\000\040\000t\000h\000e\000\040\000t\000e\000s\000t\000s}{subsection.2.3}% 19
\BOOKMARK [1][-]{appendix.1.A}{\376\377\000W\000r\000i\000t\000i\000n\000g\000\040\000u\000n\000i\000t\000\040\000t\000e\000s\000t\000s\000\040\000u\000s\000i\000n\000g\000\040\000G\000r\000o\000\137\000s\000o\000l\000v\000e\000r}{}% 20
\BOOKMARK [2][-]{subsection.1.A.1}{\376\377\000W\000r\000i\000t\000i\000n\000g\000\040\000a\000\040\000u\000n\000i\000t\000\040\000t\000e\000s\000t\000\040\000f\000o\000r\000\040\000a\000\040\000s\000t\000e\000a\000d\000y\000-\000s\000t\000a\000t\000e\000\040\000m\000o\000d\000u\000l\000e\000\040\000u\000s\000i\000n\000g\000\040\000G\000r\000o\000\137\000s\000o\000l\000v\000e\000r}{appendix.1.A}% 21
\BOOKMARK [2][-]{subsection.1.A.2}{\376\377\000W\000r\000i\000t\000i\000n\000g\000\040\000u\000n\000i\000t\000\040\000t\000e\000s\000t\000s\000\040\000f\000o\000r\000\040\000a\000\040\000d\000e\000r\000i\000v\000a\000t\000i\000v\000e\000\040\000m\000o\000d\000u\000l\000e\000\040\000u\000s\000i\000n\000g\000\040\000G\000r\000o\000\137\000s\000o\000l\000v\000e\000r}{appendix.1.A}% 22
\BOOKMARK [1][-]{appendix.1.B}{\376\377\000C\000o\000d\000e\000\040\000l\000i\000s\000t\000i\000n\000g\000s}{}% 23
\BOOKMARK [2][-]{subsection.1.B.1}{\376\377\000F\000u\000l\000l\000\040\000l\000i\000s\000t\000i\000n\000g\000\040\000o\000f\000\040\000s\000o\000l\000a\000r\000-\000z\000e\000n\000i\000t\000h\000-\000a\000n\000g\000l\000e\000-\000i\000n\000-\000d\000e\000g\000r\000e\000e\000s\000\040\000m\000o\000d\000u\000l\000e}{appendix.1.B}% 24
\BOOKMARK [2][-]{subsection.1.B.2}{\376\377\000F\000u\000l\000l\000\040\000l\000i\000s\000t\000i\000n\000g\000\040\000o\000f\000\040\000h\000e\000a\000t\000i\000n\000g\000-\000d\000e\000g\000r\000e\000e\000-\000d\000a\000y\000s\000\040\000m\000o\000d\000u\000l\000e}{appendix.1.B}% 25
\BOOKMARK [2][-]{subsection.1.B.3}{\376\377\000F\000u\000l\000l\000\040\000l\000i\000s\000t\000i\000n\000g\000\040\000o\000f\000\040\000t\000h\000e\000\040\000u\000n\000i\000t\000-\000t\000e\000s\000t\000\040\000f\000i\000l\000e\000\040\000f\000o\000r\000\040\000s\000o\000l\000a\000r\000-\000z\000e\000n\000i\000t\000h\000-\000a\000n\000g\000l\000e\000-\000i\000n\000-\000d\000e\000g\000r\000e\000e\000s}{appendix.1.B}% 26
\BOOKMARK [2][-]{subsection.1.B.4}{\376\377\000F\000u\000l\000l\000\040\000l\000i\000s\000t\000i\000n\000g\000\040\000o\000f\000\040\000t\000h\000e\000\040\000u\000n\000i\000t\000-\000t\000e\000s\000t\000\040\000f\000i\000l\000e\000\040\000f\000o\000r\000\040\000h\000e\000a\000t\000i\000n\000g\000-\000d\000e\000g\000r\000e\000e\000-\000d\000a\000y\000s}{appendix.1.B}% 27
\BOOKMARK [2][-]{subsection.1.B.5}{\376\377\000F\000u\000l\000l\000\040\000l\000i\000s\000t\000i\000n\000g\000\040\000o\000f\000\040\000t\000h\000e\000\040\000u\000n\000i\000t\000-\000t\000e\000s\000t\000\040\000f\000i\000l\000e\000\040\000f\000o\000r\000\040\000s\000o\000l\000a\000r\000-\000z\000e\000n\000i\000t\000h\000-\000a\000n\000g\000l\000e\000-\000i\000n\000-\000d\000e\000g\000r\000e\000e\000s\040\024\000G\000r\000o\000\137\000s\000o\000l\000v\000e\000r\000\040\000v\000e\000r\000s\000i\000o\000n}{appendix.1.B}% 28
\BOOKMARK [2][-]{subsection.1.B.6}{\376\377\000F\000u\000l\000l\000\040\000l\000i\000s\000t\000i\000n\000g\000\040\000o\000f\000\040\000t\000h\000e\000\040\000u\000n\000i\000t\000-\000t\000e\000s\000t\000\040\000f\000i\000l\000e\000\040\000f\000o\000r\000\040\000h\000e\000a\000t\000i\000n\000g\000-\000d\000e\000g\000r\000e\000e\000-\000d\000a\000y\000s\040\024\000G\000r\000o\000\137\000s\000o\000l\000v\000e\000r\000\040\000v\000e\000r\000s\000i\000o\000n}{appendix.1.B}% 29
